<?xml version="1.0" encoding="UTF-8"?>
<testng-results skipped="0" failed="0" total="1" passed="1">
  <reporter-output>
  </reporter-output>
  <suite name="Default suite" duration-ms="30621" started-at="2015-05-14T12:15:03Z" finished-at="2015-05-14T12:15:34Z">
    <groups>
    </groups>
    <test name="Default test" duration-ms="30621" started-at="2015-05-14T12:15:03Z" finished-at="2015-05-14T12:15:34Z">
      <class name="testNG.Air_Canada.Test_Case_1">
        <test-method status="PASS" signature="beforMethod()[pri:0, instance:testNG.Air_Canada.Test_Case_1@43a25848]" name="beforMethod" is-config="true" duration-ms="4996" started-at="2015-05-14T14:15:03Z" finished-at="2015-05-14T14:15:08Z">
          <reporter-output>
          </reporter-output>
        </test-method> <!-- beforMethod -->
        <test-method status="PASS" signature="test2()[pri:0, instance:testNG.Air_Canada.Test_Case_1@43a25848]" name="test2" duration-ms="25118" started-at="2015-05-14T14:15:08Z" finished-at="2015-05-14T14:15:33Z">
          <reporter-output>
          </reporter-output>
        </test-method> <!-- test2 -->
        <test-method status="PASS" signature="afterMethod()[pri:0, instance:testNG.Air_Canada.Test_Case_1@43a25848]" name="afterMethod" is-config="true" duration-ms="494" started-at="2015-05-14T14:15:33Z" finished-at="2015-05-14T14:15:34Z">
          <reporter-output>
          </reporter-output>
        </test-method> <!-- afterMethod -->
      </class> <!-- testNG.Air_Canada.Test_Case_1 -->
    </test> <!-- Default test -->
  </suite> <!-- Default suite -->
</testng-results>
