<?xml version="1.0" encoding="UTF-8"?>
<testng-results skipped="0" failed="0" total="2" passed="2">
  <reporter-output>
  </reporter-output>
  <suite name="Default suite" duration-ms="68822" started-at="2015-05-14T08:39:06Z" finished-at="2015-05-14T08:40:15Z">
    <groups>
    </groups>
    <test name="Default test" duration-ms="68822" started-at="2015-05-14T08:39:06Z" finished-at="2015-05-14T08:40:15Z">
      <class name="testNG.testNG_example.sample">
        <test-method status="PASS" signature="beforMethod()[pri:0, instance:testNG.testNG_example.sample@6bdf28bb]" name="beforMethod" is-config="true" duration-ms="32560" started-at="2015-05-14T10:39:06Z" finished-at="2015-05-14T10:39:39Z">
          <reporter-output>
          </reporter-output>
        </test-method> <!-- beforMethod -->
        <test-method status="PASS" signature="test1()[pri:0, instance:testNG.testNG_example.sample@6bdf28bb]" name="test1" duration-ms="3" started-at="2015-05-14T10:39:39Z" finished-at="2015-05-14T10:39:39Z">
          <reporter-output>
          </reporter-output>
        </test-method> <!-- test1 -->
        <test-method status="PASS" signature="afterMethod()[pri:0, instance:testNG.testNG_example.sample@6bdf28bb]" name="afterMethod" is-config="true" duration-ms="615" started-at="2015-05-14T10:39:39Z" finished-at="2015-05-14T10:39:39Z">
          <reporter-output>
          </reporter-output>
        </test-method> <!-- afterMethod -->
        <test-method status="PASS" signature="beforMethod()[pri:0, instance:testNG.testNG_example.sample@6bdf28bb]" name="beforMethod" is-config="true" duration-ms="9032" started-at="2015-05-14T10:39:39Z" finished-at="2015-05-14T10:39:48Z">
          <reporter-output>
          </reporter-output>
        </test-method> <!-- beforMethod -->
        <test-method status="PASS" signature="test2()[pri:0, instance:testNG.testNG_example.sample@6bdf28bb]" name="test2" duration-ms="26190" started-at="2015-05-14T10:39:48Z" finished-at="2015-05-14T10:40:15Z">
          <reporter-output>
          </reporter-output>
        </test-method> <!-- test2 -->
        <test-method status="PASS" signature="afterMethod()[pri:0, instance:testNG.testNG_example.sample@6bdf28bb]" name="afterMethod" is-config="true" duration-ms="403" started-at="2015-05-14T10:40:15Z" finished-at="2015-05-14T10:40:15Z">
          <reporter-output>
          </reporter-output>
        </test-method> <!-- afterMethod -->
      </class> <!-- testNG.testNG_example.sample -->
    </test> <!-- Default test -->
  </suite> <!-- Default suite -->
</testng-results>
